\BOOKMARK [0][-]{chapter.1}{Introduction}{}% 1
\BOOKMARK [0][-]{chapter.2}{State\040of\040the\040art}{}% 2
\BOOKMARK [1][-]{section.2.1}{Process\040monitoring}{chapter.2}% 3
\BOOKMARK [1][-]{section.2.2}{Multispectral\040imaging}{chapter.2}% 4
\BOOKMARK [1][-]{section.2.3}{Emissivity\040model}{chapter.2}% 5
\BOOKMARK [1][-]{section.2.4}{Temperature\040field\040in\040Laser-based\040Powder\040Bed\040Fusion}{chapter.2}% 6
\BOOKMARK [1][-]{section.2.5}{Motivation\040of\040this\040thesis}{chapter.2}% 7
\BOOKMARK [0][-]{chapter.3}{Theory\040and\040methodology}{}% 8
\BOOKMARK [1][-]{section.3.1}{Physical\040value\040of\040radiation}{chapter.3}% 9
\BOOKMARK [1][-]{section.3.2}{Virtual\040experiment\040platform}{chapter.3}% 10
\BOOKMARK [1][-]{section.3.3}{Camera\040model}{chapter.3}% 11
\BOOKMARK [2][-]{subsection.3.3.1}{Frequency\040response}{section.3.3}% 12
\BOOKMARK [2][-]{subsection.3.3.2}{Integration\040method}{section.3.3}% 13
\BOOKMARK [2][-]{subsection.3.3.3}{Implementation}{section.3.3}% 14
\BOOKMARK [1][-]{section.3.4}{Temperature\040estimation\040algorithm}{chapter.3}% 15
\BOOKMARK [1][-]{section.3.5}{Emissivity\040model\040in\040temperature\040estimation\040algorithm}{chapter.3}% 16
\BOOKMARK [0][-]{chapter.4}{Application}{}% 17
\BOOKMARK [1][-]{section.4.1}{Experiment\040data\040generation}{chapter.4}% 18
\BOOKMARK [2][-]{subsection.4.1.1}{Temperature\040field}{section.4.1}% 19
\BOOKMARK [2][-]{subsection.4.1.2}{Emissivity\040model}{section.4.1}% 20
\BOOKMARK [2][-]{subsection.4.1.3}{Camera\040model}{section.4.1}% 21
\BOOKMARK [1][-]{section.4.2}{Temperature\040estimation\040algorithm}{chapter.4}% 22
\BOOKMARK [2][-]{subsection.4.2.1}{Rebuild\040physical\040value\040of\040spectral\040radiation\040intensity}{section.4.2}% 23
\BOOKMARK [2][-]{subsection.4.2.2}{Emissivity\040model\040used\040for\040calculation}{section.4.2}% 24
\BOOKMARK [2][-]{subsection.4.2.3}{Curve\040fit\040algorithm}{section.4.2}% 25
\BOOKMARK [2][-]{subsection.4.2.4}{Parameters\040in\040temperature\040estimation\040algorithm}{section.4.2}% 26
\BOOKMARK [0][-]{chapter.5}{Calcualtion\040results\040and\040analysis}{}% 27
\BOOKMARK [1][-]{section.5.1}{Calculation\040results}{chapter.5}% 28
\BOOKMARK [2][-]{subsection.5.1.1}{Raw\040experiment\040data\040from\040virtual\040experiment\040platform}{section.5.1}% 29
\BOOKMARK [2][-]{subsection.5.1.2}{Estimated\040temperature\040field\040and\040emissivity\040field}{section.5.1}% 30
\BOOKMARK [1][-]{section.5.2}{Statistical\040results\040and\040analysis}{chapter.5}% 31
\BOOKMARK [2][-]{subsection.5.2.1}{Performance\040of\040different\040temperature\040estimation\040algorithms}{section.5.2}% 32
\BOOKMARK [2][-]{subsection.5.2.2}{Performance\040of\040temperature\040estimation\040algorithm\040between\040different\040materials}{section.5.2}% 33
\BOOKMARK [0][-]{chapter.6}{Conclusion\040and\040prospects}{}% 34
\BOOKMARK [0][-]{appendix.A}{Appendices}{}% 35
\BOOKMARK [1][-]{section.A.1}{Calculation\040result\040of\040temperature\040estimation\040algorithm}{appendix.A}% 36
\BOOKMARK [2][-]{subsection.A.1.1}{Linear\040model}{section.A.1}% 37
\BOOKMARK [2][-]{subsection.A.1.2}{Linear\040square\040model}{section.A.1}% 38
\BOOKMARK [2][-]{subsection.A.1.3}{Quadratic\040model}{section.A.1}% 39
\BOOKMARK [2][-]{subsection.A.1.4}{Exponential\040model}{section.A.1}% 40
\BOOKMARK [2][-]{subsection.A.1.5}{Mixed\040model}{section.A.1}% 41
\BOOKMARK [0][-]{appendix*.62}{Bibliography}{}% 42
\BOOKMARK [0][-]{section*.63}{List\040of\040Abbreviations}{}% 43
